[INFO ] 2020-12-22 22:54:14.422 [main] User - created RandomLabelingMechanism1 as RandomBot
[INFO ] 2020-12-22 22:54:14.425 [main] User - created RandomLabelingMechanism2 as RandomBot
[INFO ] 2020-12-22 22:54:14.427 [main] User - created MachineLearningLabelingMechanism3 as MachineLearningBot
[INFO ] 2020-12-22 22:54:14.427 [main] User - created RandomLabelingMechanism4 as RandomBot
[INFO ] 2020-12-22 22:54:14.427 [main] User - created RandomLabelingMechanism5 as RandomBot
[INFO ] 2020-12-22 22:54:14.428 [main] User - created MachineLearningLabelingMechanism6 as MachineLearningBot
[INFO ] 2020-12-22 22:54:14.552 [main] RandomLabelingMechanism - user id: 4 RandomLabelingMechanism4 tagged instance id: 4 with class label [3:Notr] instance:siteniz çalýþmýyor kaç gündür
[INFO ] 2020-12-22 22:54:14.675 [main] RandomLabelingMechanism - user id: 1 RandomLabelingMechanism1 tagged instance id: 4 with class label [1:Positive] instance:siteniz çalýþmýyor kaç gündür
[INFO ] 2020-12-22 22:54:14.768 [main] RandomLabelingMechanism - user id: 2 RandomLabelingMechanism2 tagged instance id: 8 with class label [3:Notr] instance:þarjý hemen bitiriyor
[INFO ] 2020-12-22 22:54:14.862 [main] RandomLabelingMechanism - user id: 1 RandomLabelingMechanism1 tagged instance id: 6 with class label [1:Positive] instance:durduðu yerde sessiz moduna geçmesi baþta fazla giden bataryasýnýn ayda kapasitesinin ciddi anlamda düþmesi dýþýnda fiyatý düþünüldüðünde iyi
[INFO ] 2020-12-22 22:54:14.956 [main] RandomLabelingMechanism - user id: 4 RandomLabelingMechanism4 tagged instance id: 2 with class label [2:Negative] instance:yöneticisi bizzat ilgilenerek gerekli özverili örneði göstererek güzel teþekkürler
[INFO ] 2020-12-22 22:54:15.049 [main] RandomLabelingMechanism - user id: 4 RandomLabelingMechanism4 tagged instance id: 5 with class label [1:Positive] instance:þimdilik memnun kaldým umarým kararým deðiþmez
[INFO ] 2020-12-22 22:54:15.143 [main] RandomLabelingMechanism - user id: 1 RandomLabelingMechanism1 tagged instance id: 5 with class label [2:Negative] instance:þimdilik memnun kaldým umarým kararým deðiþmez
[INFO ] 2020-12-22 22:54:15.238 [main] RandomLabelingMechanism - user id: 4 RandomLabelingMechanism4 tagged instance id: 7 with class label [3:Notr] instance:filmin büyük artýsý uzun zamandýr görmediðimiz oyunculuðunu döktürmesini saðlamasýydý
[INFO ] 2020-12-22 22:54:15.329 [main] RandomLabelingMechanism - user id: 1 RandomLabelingMechanism1 tagged instance id: 4 with class label [1:Positive] instance:siteniz çalýþmýyor kaç gündür
[INFO ] 2020-12-22 22:54:15.436 [main] RandomLabelingMechanism - user id: 1 RandomLabelingMechanism1 tagged instance id: 4 with class label [1:Positive] instance:siteniz çalýþmýyor kaç gündür
[INFO ] 2020-12-22 22:54:15.529 [main] RandomLabelingMechanism - user id: 2 RandomLabelingMechanism2 tagged instance id: 1 with class label [3:Notr] instance:aldým eve gidince kutusundan çýkardým hasarlýydý
[INFO ] 2020-12-22 22:54:15.624 [main] RandomLabelingMechanism - user id: 2 RandomLabelingMechanism2 tagged instance id: 7 with class label [1:Positive] instance:filmin büyük artýsý uzun zamandýr görmediðimiz oyunculuðunu döktürmesini saðlamasýydý
[INFO ] 2020-12-22 22:54:15.733 [main] RandomLabelingMechanism - user id: 4 RandomLabelingMechanism4 tagged instance id: 3 with class label [3:Notr] instance:mesela kamerasý aldýk yoktu
[INFO ] 2020-12-22 22:54:15.827 [main] RandomLabelingMechanism - user id: 1 RandomLabelingMechanism1 tagged instance id: 2 with class label [2:Negative] instance:yöneticisi bizzat ilgilenerek gerekli özverili örneði göstererek güzel teþekkürler
[INFO ] 2020-12-22 22:54:15.920 [main] RandomLabelingMechanism - user id: 4 RandomLabelingMechanism4 tagged instance id: 1 with class label [3:Notr] instance:aldým eve gidince kutusundan çýkardým hasarlýydý
[INFO ] 2020-12-22 22:54:16.011 [main] RandomLabelingMechanism - user id: 1 RandomLabelingMechanism1 tagged instance id: 10 with class label [1:Positive] instance:kullanýþlý fiyata alýnabilecek güzel düsünmeden alabilirsiniz
[INFO ] 2020-12-22 22:54:16.091 [main] RandomLabelingMechanism - user id: 2 RandomLabelingMechanism2 tagged instance id: 9 with class label [1:Positive] instance:in yeni kampanyasi cok basarili
[INFO ] 2020-12-22 22:54:16.170 [main] RandomLabelingMechanism - user id: 2 RandomLabelingMechanism2 tagged instance id: 6 with class label [1:Positive] instance:durduðu yerde sessiz moduna geçmesi baþta fazla giden bataryasýnýn ayda kapasitesinin ciddi anlamda düþmesi dýþýnda fiyatý düþünüldüðünde iyi
[INFO ] 2020-12-22 22:54:16.264 [main] RandomLabelingMechanism - user id: 4 RandomLabelingMechanism4 tagged instance id: 8 with class label [3:Notr] instance:þarjý hemen bitiriyor
[INFO ] 2020-12-22 22:54:16.341 [main] RandomLabelingMechanism - user id: 1 RandomLabelingMechanism1 tagged instance id: 10 with class label [2:Negative] instance:kullanýþlý fiyata alýnabilecek güzel düsünmeden alabilirsiniz
[INFO ] 2020-12-22 22:54:16.419 [main] RandomLabelingMechanism - user id: 2 RandomLabelingMechanism2 tagged instance id: 1 with class label [3:Notr] instance:aldým eve gidince kutusundan çýkardým hasarlýydý
[INFO ] 2020-12-22 22:54:16.511 [main] RandomLabelingMechanism - user id: 1 RandomLabelingMechanism1 tagged instance id: 3 with class label [1:Positive] instance:mesela kamerasý aldýk yoktu
[INFO ] 2020-12-22 22:54:16.605 [main] RandomLabelingMechanism - user id: 4 RandomLabelingMechanism4 tagged instance id: 6 with class label [3:Notr] instance:durduðu yerde sessiz moduna geçmesi baþta fazla giden bataryasýnýn ayda kapasitesinin ciddi anlamda düþmesi dýþýnda fiyatý düþünüldüðünde iyi
[INFO ] 2020-12-22 22:54:16.683 [main] RandomLabelingMechanism - user id: 1 RandomLabelingMechanism1 tagged instance id: 2 with class label [1:Positive] instance:yöneticisi bizzat ilgilenerek gerekli özverili örneði göstererek güzel teþekkürler
[INFO ] 2020-12-22 22:54:16.775 [main] RandomLabelingMechanism - user id: 4 RandomLabelingMechanism4 tagged instance id: 3 with class label [3:Notr] instance:mesela kamerasý aldýk yoktu
[INFO ] 2020-12-22 22:54:16.902 [main] RandomLabelingMechanism - user id: 1 RandomLabelingMechanism1 tagged instance id: 3 with class label [3:Notr] instance:mesela kamerasý aldýk yoktu
[INFO ] 2020-12-22 22:54:16.992 [main] RandomLabelingMechanism - user id: 2 RandomLabelingMechanism2 tagged instance id: 10 with class label [2:Negative] instance:kullanýþlý fiyata alýnabilecek güzel düsünmeden alabilirsiniz
[INFO ] 2020-12-22 22:54:17.087 [main] RandomLabelingMechanism - user id: 1 RandomLabelingMechanism1 tagged instance id: 4 with class label [3:Notr] instance:siteniz çalýþmýyor kaç gündür
[INFO ] 2020-12-22 22:54:17.167 [main] RandomLabelingMechanism - user id: 2 RandomLabelingMechanism2 tagged instance id: 1 with class label [2:Negative] instance:aldým eve gidince kutusundan çýkardým hasarlýydý
[INFO ] 2020-12-22 22:54:17.260 [main] RandomLabelingMechanism - user id: 4 RandomLabelingMechanism4 tagged instance id: 4 with class label [3:Notr] instance:siteniz çalýþmýyor kaç gündür
[INFO ] 2020-12-22 22:54:17.339 [main] RandomLabelingMechanism - user id: 1 RandomLabelingMechanism1 tagged instance id: 9 with class label [1:Positive] instance:in yeni kampanyasi cok basarili
[INFO ] 2020-12-22 22:54:17.418 [main] RandomLabelingMechanism - user id: 1 RandomLabelingMechanism1 tagged instance id: 7 with class label [1:Positive] instance:filmin büyük artýsý uzun zamandýr görmediðimiz oyunculuðunu döktürmesini saðlamasýydý
[INFO ] 2020-12-22 22:54:17.512 [main] RandomLabelingMechanism - user id: 2 RandomLabelingMechanism2 tagged instance id: 2 with class label [1:Positive] instance:yöneticisi bizzat ilgilenerek gerekli özverili örneði göstererek güzel teþekkürler
[INFO ] 2020-12-22 22:54:17.606 [main] RandomLabelingMechanism - user id: 4 RandomLabelingMechanism4 tagged instance id: 1 with class label [3:Notr] instance:aldým eve gidince kutusundan çýkardým hasarlýydý
[INFO ] 2020-12-22 22:54:17.700 [main] RandomLabelingMechanism - user id: 1 RandomLabelingMechanism1 tagged instance id: 5 with class label [3:Notr] instance:þimdilik memnun kaldým umarým kararým deðiþmez
[INFO ] 2020-12-22 22:54:17.793 [main] RandomLabelingMechanism - user id: 4 RandomLabelingMechanism4 tagged instance id: 1 with class label [3:Notr] instance:aldým eve gidince kutusundan çýkardým hasarlýydý
[INFO ] 2020-12-22 22:54:17.886 [main] RandomLabelingMechanism - user id: 1 RandomLabelingMechanism1 tagged instance id: 4 with class label [3:Notr] instance:siteniz çalýþmýyor kaç gündür
[INFO ] 2020-12-22 22:54:17.979 [main] RandomLabelingMechanism - user id: 4 RandomLabelingMechanism4 tagged instance id: 2 with class label [1:Positive] instance:yöneticisi bizzat ilgilenerek gerekli özverili örneði göstererek güzel teþekkürler
[INFO ] 2020-12-22 22:54:18.057 [main] RandomLabelingMechanism - user id: 1 RandomLabelingMechanism1 tagged instance id: 1 with class label [2:Negative] instance:aldým eve gidince kutusundan çýkardým hasarlýydý
[INFO ] 2020-12-22 22:54:18.150 [main] RandomLabelingMechanism - user id: 4 RandomLabelingMechanism4 tagged instance id: 2 with class label [2:Negative] instance:yöneticisi bizzat ilgilenerek gerekli özverili örneði göstererek güzel teþekkürler
[INFO ] 2020-12-22 22:54:18.228 [main] RandomLabelingMechanism - user id: 1 RandomLabelingMechanism1 tagged instance id: 5 with class label [3:Notr] instance:þimdilik memnun kaldým umarým kararým deðiþmez
[INFO ] 2020-12-22 22:54:18.307 [main] RandomLabelingMechanism - user id: 2 RandomLabelingMechanism2 tagged instance id: 2 with class label [2:Negative] instance:yöneticisi bizzat ilgilenerek gerekli özverili örneði göstererek güzel teþekkürler
[INFO ] 2020-12-22 22:54:18.399 [main] RandomLabelingMechanism - user id: 4 RandomLabelingMechanism4 tagged instance id: 6 with class label [3:Notr] instance:durduðu yerde sessiz moduna geçmesi baþta fazla giden bataryasýnýn ayda kapasitesinin ciddi anlamda düþmesi dýþýnda fiyatý düþünüldüðünde iyi
[INFO ] 2020-12-22 22:54:18.493 [main] RandomLabelingMechanism - user id: 1 RandomLabelingMechanism1 tagged instance id: 7 with class label [1:Positive] instance:filmin büyük artýsý uzun zamandýr görmediðimiz oyunculuðunu döktürmesini saðlamasýydý
[INFO ] 2020-12-22 22:54:18.572 [main] RandomLabelingMechanism - user id: 1 RandomLabelingMechanism1 tagged instance id: 4 with class label [1:Positive] instance:siteniz çalýþmýyor kaç gündür
[INFO ] 2020-12-22 22:54:18.651 [main] RandomLabelingMechanism - user id: 2 RandomLabelingMechanism2 tagged instance id: 10 with class label [1:Positive] instance:kullanýþlý fiyata alýnabilecek güzel düsünmeden alabilirsiniz
[INFO ] 2020-12-22 22:54:18.744 [main] RandomLabelingMechanism - user id: 1 RandomLabelingMechanism1 tagged instance id: 8 with class label [3:Notr] instance:þarjý hemen bitiriyor
[INFO ] 2020-12-22 22:54:18.837 [main] RandomLabelingMechanism - user id: 2 RandomLabelingMechanism2 tagged instance id: 7 with class label [2:Negative] instance:filmin büyük artýsý uzun zamandýr görmediðimiz oyunculuðunu döktürmesini saðlamasýydý
[INFO ] 2020-12-22 22:54:18.930 [main] RandomLabelingMechanism - user id: 4 RandomLabelingMechanism4 tagged instance id: 8 with class label [2:Negative] instance:þarjý hemen bitiriyor
[INFO ] 2020-12-22 22:54:19.023 [main] RandomLabelingMechanism - user id: 2 RandomLabelingMechanism2 tagged instance id: 6 with class label [1:Positive] instance:durduðu yerde sessiz moduna geçmesi baþta fazla giden bataryasýnýn ayda kapasitesinin ciddi anlamda düþmesi dýþýnda fiyatý düþünüldüðünde iyi
[INFO ] 2020-12-22 22:54:19.117 [main] RandomLabelingMechanism - user id: 2 RandomLabelingMechanism2 tagged instance id: 2 with class label [1:Positive] instance:yöneticisi bizzat ilgilenerek gerekli özverili örneði göstererek güzel teþekkürler
[INFO ] 2020-12-22 22:54:19.209 [main] RandomLabelingMechanism - user id: 2 RandomLabelingMechanism2 tagged instance id: 5 with class label [2:Negative] instance:þimdilik memnun kaldým umarým kararým deðiþmez
[INFO ] 2020-12-22 22:54:19.303 [main] RandomLabelingMechanism - user id: 4 RandomLabelingMechanism4 tagged instance id: 9 with class label [3:Notr] instance:in yeni kampanyasi cok basarili
[INFO ] 2020-12-22 22:54:19.381 [main] RandomLabelingMechanism - user id: 2 RandomLabelingMechanism2 tagged instance id: 9 with class label [1:Positive] instance:in yeni kampanyasi cok basarili
[INFO ] 2020-12-22 22:54:19.475 [main] RandomLabelingMechanism - user id: 4 RandomLabelingMechanism4 tagged instance id: 8 with class label [3:Notr] instance:þarjý hemen bitiriyor
[INFO ] 2020-12-22 22:54:19.567 [main] RandomLabelingMechanism - user id: 2 RandomLabelingMechanism2 tagged instance id: 2 with class label [3:Notr] instance:yöneticisi bizzat ilgilenerek gerekli özverili örneði göstererek güzel teþekkürler
[INFO ] 2020-12-22 22:54:19.660 [main] RandomLabelingMechanism - user id: 2 RandomLabelingMechanism2 tagged instance id: 1 with class label [3:Notr] instance:aldým eve gidince kutusundan çýkardým hasarlýydý
[INFO ] 2020-12-22 22:54:19.738 [main] RandomLabelingMechanism - user id: 2 RandomLabelingMechanism2 tagged instance id: 6 with class label [1:Positive] instance:durduðu yerde sessiz moduna geçmesi baþta fazla giden bataryasýnýn ayda kapasitesinin ciddi anlamda düþmesi dýþýnda fiyatý düþünüldüðünde iyi
[INFO ] 2020-12-22 22:54:19.818 [main] RandomLabelingMechanism - user id: 4 RandomLabelingMechanism4 tagged instance id: 6 with class label [3:Notr] instance:durduðu yerde sessiz moduna geçmesi baþta fazla giden bataryasýnýn ayda kapasitesinin ciddi anlamda düþmesi dýþýnda fiyatý düþünüldüðünde iyi
[INFO ] 2020-12-22 22:54:19.912 [main] RandomLabelingMechanism - user id: 4 RandomLabelingMechanism4 tagged instance id: 2 with class label [3:Notr] instance:yöneticisi bizzat ilgilenerek gerekli özverili örneði göstererek güzel teþekkürler
[INFO ] 2020-12-22 22:54:20.006 [main] RandomLabelingMechanism - user id: 4 RandomLabelingMechanism4 tagged instance id: 8 with class label [2:Negative] instance:þarjý hemen bitiriyor
[INFO ] 2020-12-22 22:54:20.085 [main] RandomLabelingMechanism - user id: 4 RandomLabelingMechanism4 tagged instance id: 4 with class label [2:Negative] instance:siteniz çalýþmýyor kaç gündür
[INFO ] 2020-12-22 22:54:20.180 [main] RandomLabelingMechanism - user id: 4 RandomLabelingMechanism4 tagged instance id: 2 with class label [2:Negative] instance:yöneticisi bizzat ilgilenerek gerekli özverili örneði göstererek güzel teþekkürler
[INFO ] 2020-12-22 22:54:20.272 [main] RandomLabelingMechanism - user id: 2 RandomLabelingMechanism2 tagged instance id: 6 with class label [1:Positive] instance:durduðu yerde sessiz moduna geçmesi baþta fazla giden bataryasýnýn ayda kapasitesinin ciddi anlamda düþmesi dýþýnda fiyatý düþünüldüðünde iyi
[INFO ] 2020-12-22 22:54:20.364 [main] RandomLabelingMechanism - user id: 4 RandomLabelingMechanism4 tagged instance id: 6 with class label [3:Notr] instance:durduðu yerde sessiz moduna geçmesi baþta fazla giden bataryasýnýn ayda kapasitesinin ciddi anlamda düþmesi dýþýnda fiyatý düþünüldüðünde iyi
[INFO ] 2020-12-22 22:54:20.458 [main] RandomLabelingMechanism - user id: 2 RandomLabelingMechanism2 tagged instance id: 1 with class label [2:Negative] instance:aldým eve gidince kutusundan çýkardým hasarlýydý
[INFO ] 2020-12-22 22:54:20.551 [main] RandomLabelingMechanism - user id: 4 RandomLabelingMechanism4 tagged instance id: 2 with class label [3:Notr] instance:yöneticisi bizzat ilgilenerek gerekli özverili örneði göstererek güzel teþekkürler
[INFO ] 2020-12-22 22:54:20.628 [main] RandomLabelingMechanism - user id: 2 RandomLabelingMechanism2 tagged instance id: 4 with class label [2:Negative] instance:siteniz çalýþmýyor kaç gündür
[INFO ] 2020-12-22 22:54:20.720 [main] RandomLabelingMechanism - user id: 2 RandomLabelingMechanism2 tagged instance id: 1 with class label [3:Notr] instance:aldým eve gidince kutusundan çýkardým hasarlýydý
[INFO ] 2020-12-22 22:54:20.798 [main] RandomLabelingMechanism - user id: 2 RandomLabelingMechanism2 tagged instance id: 4 with class label [2:Negative] instance:siteniz çalýþmýyor kaç gündür
[INFO ] 2020-12-22 22:54:20.876 [main] RandomLabelingMechanism - user id: 4 RandomLabelingMechanism4 tagged instance id: 10 with class label [1:Positive] instance:kullanýþlý fiyata alýnabilecek güzel düsünmeden alabilirsiniz
[INFO ] 2020-12-22 22:54:20.970 [main] RandomLabelingMechanism - user id: 2 RandomLabelingMechanism2 tagged instance id: 7 with class label [2:Negative] instance:filmin büyük artýsý uzun zamandýr görmediðimiz oyunculuðunu döktürmesini saðlamasýydý
[INFO ] 2020-12-22 22:54:21.061 [main] RandomLabelingMechanism - user id: 2 RandomLabelingMechanism2 tagged instance id: 5 with class label [1:Positive] instance:þimdilik memnun kaldým umarým kararým deðiþmez
[INFO ] 2020-12-22 22:54:21.154 [main] RandomLabelingMechanism - user id: 2 RandomLabelingMechanism2 tagged instance id: 9 with class label [1:Positive] instance:in yeni kampanyasi cok basarili
[INFO ] 2020-12-22 22:54:21.248 [main] RandomLabelingMechanism - user id: 2 RandomLabelingMechanism2 tagged instance id: 10 with class label [2:Negative] instance:kullanýþlý fiyata alýnabilecek güzel düsünmeden alabilirsiniz
[INFO ] 2020-12-22 22:54:21.342 [main] RandomLabelingMechanism - user id: 2 RandomLabelingMechanism2 tagged instance id: 1 with class label [1:Positive] instance:aldým eve gidince kutusundan çýkardým hasarlýydý
[INFO ] 2020-12-22 22:54:21.435 [main] RandomLabelingMechanism - user id: 2 RandomLabelingMechanism2 tagged instance id: 3 with class label [1:Positive] instance:mesela kamerasý aldýk yoktu
