[INFO ] 2020-12-05 15:40:22.824 [main] User - created RandomLabelingMechanism1 as RandomBot
[INFO ] 2020-12-05 15:40:22.839 [main] User - created RandomLabelingMechanism2 as RandomBot
[INFO ] 2020-12-05 15:40:22.843 [main] User - created MachineLearningLabelingMechanism as MachineLearningBot
[INFO ] 2020-12-05 15:40:22.849 [main] RandomLabelingMechanism - user id: 1 RandomLabelingMechanism1 tagged instance id: 1 with class label [2:Negative] instance:aldým eve gidince kutusundan çýkardým hasarlýydý
[INFO ] 2020-12-05 15:40:22.850 [main] RandomLabelingMechanism - user id: 2 RandomLabelingMechanism2 tagged instance id: 1 with class label [1:Positive] instance:aldým eve gidince kutusundan çýkardým hasarlýydý
[INFO ] 2020-12-05 15:40:22.851 [main] RandomLabelingMechanism - user id: 1 RandomLabelingMechanism1 tagged instance id: 2 with class label [1:Positive] instance:yöneticisi bizzat ilgilenerek gerekli özverili örneði göstererek güzel teþekkürler
[INFO ] 2020-12-05 15:40:22.852 [main] RandomLabelingMechanism - user id: 2 RandomLabelingMechanism2 tagged instance id: 2 with class label [1:Positive] instance:yöneticisi bizzat ilgilenerek gerekli özverili örneði göstererek güzel teþekkürler
[INFO ] 2020-12-05 15:40:22.852 [main] RandomLabelingMechanism - user id: 1 RandomLabelingMechanism1 tagged instance id: 3 with class label [3:Notr] instance:mesela kamerasý aldýk yoktu
[INFO ] 2020-12-05 15:40:22.853 [main] RandomLabelingMechanism - user id: 2 RandomLabelingMechanism2 tagged instance id: 3 with class label [2:Negative] instance:mesela kamerasý aldýk yoktu
[INFO ] 2020-12-05 15:40:22.853 [main] RandomLabelingMechanism - user id: 1 RandomLabelingMechanism1 tagged instance id: 4 with class label [2:Negative] instance:siteniz çalýþmýyor kaç gündür
[INFO ] 2020-12-05 15:40:22.854 [main] RandomLabelingMechanism - user id: 2 RandomLabelingMechanism2 tagged instance id: 4 with class label [2:Negative] instance:siteniz çalýþmýyor kaç gündür
[INFO ] 2020-12-05 15:40:22.854 [main] RandomLabelingMechanism - user id: 1 RandomLabelingMechanism1 tagged instance id: 5 with class label [3:Notr] instance:þimdilik memnun kaldým umarým kararým deðiþmez
[INFO ] 2020-12-05 15:40:22.855 [main] RandomLabelingMechanism - user id: 2 RandomLabelingMechanism2 tagged instance id: 5 with class label [3:Notr] instance:þimdilik memnun kaldým umarým kararým deðiþmez
[INFO ] 2020-12-05 15:40:22.855 [main] RandomLabelingMechanism - user id: 1 RandomLabelingMechanism1 tagged instance id: 6 with class label [1:Positive] instance:durduðu yerde sessiz moduna geçmesi baþta fazla giden bataryasýnýn ayda kapasitesinin ciddi anlamda düþmesi dýþýnda fiyatý düþünüldüðünde iyi
[INFO ] 2020-12-05 15:40:22.856 [main] RandomLabelingMechanism - user id: 2 RandomLabelingMechanism2 tagged instance id: 6 with class label [3:Notr] instance:durduðu yerde sessiz moduna geçmesi baþta fazla giden bataryasýnýn ayda kapasitesinin ciddi anlamda düþmesi dýþýnda fiyatý düþünüldüðünde iyi
[INFO ] 2020-12-05 15:40:22.856 [main] RandomLabelingMechanism - user id: 1 RandomLabelingMechanism1 tagged instance id: 7 with class label [2:Negative] instance:filmin büyük artýsý uzun zamandýr görmediðimiz oyunculuðunu döktürmesini saðlamasýydý
[INFO ] 2020-12-05 15:40:22.857 [main] RandomLabelingMechanism - user id: 2 RandomLabelingMechanism2 tagged instance id: 7 with class label [3:Notr] instance:filmin büyük artýsý uzun zamandýr görmediðimiz oyunculuðunu döktürmesini saðlamasýydý
[INFO ] 2020-12-05 15:40:22.857 [main] RandomLabelingMechanism - user id: 1 RandomLabelingMechanism1 tagged instance id: 8 with class label [1:Positive] instance:þarjý hemen bitiriyor
[INFO ] 2020-12-05 15:40:22.858 [main] RandomLabelingMechanism - user id: 2 RandomLabelingMechanism2 tagged instance id: 8 with class label [3:Notr] instance:þarjý hemen bitiriyor
[INFO ] 2020-12-05 15:40:22.859 [main] RandomLabelingMechanism - user id: 1 RandomLabelingMechanism1 tagged instance id: 9 with class label [3:Notr] instance:in yeni kampanyasi cok basarili
[INFO ] 2020-12-05 15:40:22.859 [main] RandomLabelingMechanism - user id: 2 RandomLabelingMechanism2 tagged instance id: 9 with class label [3:Notr] instance:in yeni kampanyasi cok basarili
[INFO ] 2020-12-05 15:40:22.860 [main] RandomLabelingMechanism - user id: 1 RandomLabelingMechanism1 tagged instance id: 10 with class label [2:Negative] instance:kullanýþlý fiyata alýnabilecek güzel düsünmeden alabilirsiniz
[INFO ] 2020-12-05 15:40:22.861 [main] RandomLabelingMechanism - user id: 2 RandomLabelingMechanism2 tagged instance id: 10 with class label [3:Notr] instance:kullanýþlý fiyata alýnabilecek güzel düsünmeden alabilirsiniz
